14:07:33.378 INFO Test execution started: second_test
14:07:33.378 INFO Browser: chrome
14:07:33.379 INFO Environment: test_env
14:07:33.379 INFO Using data:
    order_type: Plats
    document_type: CORRECTION OF PLAT (PL)
    num_of_pages: 1
    num_of_lots: 1
    section: GRANTOR
    first_name: First Name
    url: http://{}:{}@10.0.1.73:8001/69999/?ReturnUrl=https://crs.qa.kofile.com/69999/Account/ReturnClaim&amp;Referrer=
14:07:36.567 INFO Navigate to: 'http://User1:Automation_1_3@10.0.1.73:8001/69999/?ReturnUrl=https://crs.qa.kofile.com/69999/Account/ReturnClaim&amp;Referrer='
14:07:44.228 INFO Click addNewOrderButton
14:07:45.588 INFO Waiting for 3 seconds
14:07:48.627 INFO Click orderTypeDropdown
14:07:48.725 INFO Click //select[@id='orderTypeId']/option[text()='Plats']
14:07:52.042 INFO Click documentTypeDropdown
14:07:52.130 INFO Click //select[@id='Order_OrderItems[0]_Document_DocumentTypeId']/option[text()='CORRECTION OF PLAT (PL)']
14:07:52.191 INFO Write '1' in element numberOfPages
14:07:52.285 INFO Write '1' in element numberOfLots
14:07:52.396 INFO Click partiesTab
14:07:52.524 INFO Write 'asd' in element //input[@placeholder='First Name']
14:07:52.638 INFO Execute javascript code 'window.moveBy()' with args '('0', '10')'
14:07:52.647 ERROR JavascriptException: Message: javascript error: Failed to execute 'moveBy' on 'Window': 2 arguments required, but only 0 present.
  (Session info: chrome=77.0.3865.120)

Traceback (most recent call last):
  File "c:\users\alexandr.may\appdata\local\programs\python\python37-32\lib\site-packages\golem\test_runner\test_runner.py", line 173, in run_test
    self.test_module.test(execution.data)
  File "C:\Users\alexandr.may\testdir\projects\some_project\tests\second_test.py", line 24, in test
    a.execute_javascript('window.moveBy()', '0', '10')
  File "c:\users\alexandr.may\appdata\local\programs\python\python37-32\lib\site-packages\golem\actions.py", line 1157, in execute_javascript
    return get_browser().execute_script(script, *args)
  File "c:\users\alexandr.may\appdata\local\programs\python\python37-32\lib\site-packages\selenium\webdriver\remote\webdriver.py", line 635, in execute_script
    'args': converted_args})['value']
  File "c:\users\alexandr.may\appdata\local\programs\python\python37-32\lib\site-packages\selenium\webdriver\remote\webdriver.py", line 320, in execute
    self.error_handler.check_response(response)
  File "c:\users\alexandr.may\appdata\local\programs\python\python37-32\lib\site-packages\selenium\webdriver\remote\errorhandler.py", line 242, in check_response
    raise exception_class(message, screen, stacktrace)
selenium.common.exceptions.JavascriptException: Message: javascript error: Failed to execute 'moveBy' on 'Window': 2 arguments required, but only 0 present.
  (Session info: chrome=77.0.3865.120)


14:07:55.311 INFO Test Result: CODE ERROR
