14:00:47.689 INFO Test execution started: second_test
14:00:47.690 INFO Browser: chrome
14:00:47.690 INFO Environment: test_env
14:00:47.690 INFO Using data:
    order_type: Plats
    document_type: CORRECTION OF PLAT (PL)
    num_of_pages: 1
    num_of_lots: 1
    section: GRANTOR
    first_name: First Name
    url: http://{}:{}@10.0.1.73:8001/69999/?ReturnUrl=https://crs.qa.kofile.com/69999/Account/ReturnClaim&amp;Referrer=
14:00:50.909 INFO Navigate to: 'http://User1:Automation_1_3@10.0.1.73:8001/69999/?ReturnUrl=https://crs.qa.kofile.com/69999/Account/ReturnClaim&amp;Referrer='
14:01:02.541 INFO Click addNewOrderButton
14:01:04.367 INFO Waiting for 3 seconds
14:01:07.409 INFO Click orderTypeDropdown
14:01:07.511 INFO Click //select[@id='orderTypeId']/option[text()='Plats']
14:01:09.788 INFO Click documentTypeDropdown
14:01:09.883 INFO Click //select[@id='Order_OrderItems[0]_Document_DocumentTypeId']/option[text()='CORRECTION OF PLAT (PL)']
14:01:09.949 INFO Write '1' in element numberOfPages
14:01:10.047 INFO Write '1' in element numberOfLots
14:01:10.144 INFO Click partiesTab
14:01:10.317 INFO Write 'asd' in element //input[@placeholder='First Name']
14:01:10.423 INFO Execute javascript code 'window.moveBy()' with args '('(0, 10)',)'
14:01:10.434 ERROR JavascriptException: Message: javascript error: Failed to execute 'moveBy' on 'Window': 2 arguments required, but only 0 present.
  (Session info: chrome=77.0.3865.120)

Traceback (most recent call last):
  File "c:\users\alexandr.may\appdata\local\programs\python\python37-32\lib\site-packages\golem\test_runner\test_runner.py", line 173, in run_test
    self.test_module.test(execution.data)
  File "C:\Users\alexandr.may\testdir\projects\some_project\tests\second_test.py", line 24, in test
    a.execute_javascript('window.moveBy()', '(0, 10)')
  File "c:\users\alexandr.may\appdata\local\programs\python\python37-32\lib\site-packages\golem\actions.py", line 1157, in execute_javascript
    return get_browser().execute_script(script, *args)
  File "c:\users\alexandr.may\appdata\local\programs\python\python37-32\lib\site-packages\selenium\webdriver\remote\webdriver.py", line 635, in execute_script
    'args': converted_args})['value']
  File "c:\users\alexandr.may\appdata\local\programs\python\python37-32\lib\site-packages\selenium\webdriver\remote\webdriver.py", line 320, in execute
    self.error_handler.check_response(response)
  File "c:\users\alexandr.may\appdata\local\programs\python\python37-32\lib\site-packages\selenium\webdriver\remote\errorhandler.py", line 242, in check_response
    raise exception_class(message, screen, stacktrace)
selenium.common.exceptions.JavascriptException: Message: javascript error: Failed to execute 'moveBy' on 'Window': 2 arguments required, but only 0 present.
  (Session info: chrome=77.0.3865.120)


14:01:13.004 INFO Test Result: CODE ERROR
