{
    "test_case": "second_test",
    "result": "code error",
    "steps": [
        {
            "message": "Navigate to: 'http://User1:Automation_1_3@10.0.1.73:8001/69999/?ReturnUrl=https://crs.qa.kofile.com/69999/Account/ReturnClaim&amp;Referrer='",
            "screenshot": null,
            "error": null
        },
        {
            "message": "Click addNewOrderButton",
            "screenshot": null,
            "error": null
        },
        {
            "message": "Click orderTypeDropdown",
            "screenshot": null,
            "error": null
        },
        {
            "message": "Click //select[@id='orderTypeId']/option[text()='Plats']",
            "screenshot": null,
            "error": null
        },
        {
            "message": "Click documentTypeDropdown",
            "screenshot": null,
            "error": null
        },
        {
            "message": "Click //select[@id='Order_OrderItems[0]_Document_DocumentTypeId']/option[text()='CORRECTION OF PLAT (PL)']",
            "screenshot": null,
            "error": null
        },
        {
            "message": "Write '1' in element numberOfPages",
            "screenshot": null,
            "error": null
        },
        {
            "message": "Write '1' in element numberOfLots",
            "screenshot": null,
            "error": null
        },
        {
            "message": "Click partiesTab",
            "screenshot": null,
            "error": null
        },
        {
            "message": "Error",
            "screenshot": "Error_89b2c.png",
            "error": {
                "message": "ElementNotFound: Element firstNameInput not found using selector css:'.floating-field parties-inputs > input'",
                "description": "Traceback (most recent call last):\n  File \"c:\\users\\alexandr.may\\appdata\\local\\programs\\python\\python37-32\\lib\\site-packages\\golem\\test_runner\\test_runner.py\", line 173, in run_test\n    self.test_module.test(execution.data)\n  File \"C:\\Users\\alexandr.may\\testdir\\projects\\some_project\\tests\\second_test.py\", line 23, in test\n    a.send_keys(new_order_page_form.firstNameInput, 'asd')\n  File \"c:\\users\\alexandr.may\\appdata\\local\\programs\\python\\python37-32\\lib\\site-packages\\golem\\actions.py\", line 1619, in send_keys\n    element = get_browser().find(element)\n  File \"c:\\users\\alexandr.may\\appdata\\local\\programs\\python\\python37-32\\lib\\site-packages\\golem\\webdriver\\extended_driver.py\", line 177, in find\n    return common._find(self, **kwargs)\n  File \"c:\\users\\alexandr.may\\appdata\\local\\programs\\python\\python37-32\\lib\\site-packages\\golem\\webdriver\\common.py\", line 122, in _find\n    element_name, timeout, wait_displayed)\n  File \"c:\\users\\alexandr.may\\appdata\\local\\programs\\python\\python37-32\\lib\\site-packages\\golem\\webdriver\\common.py\", line 47, in _find_webelement\n    .format(element_name, selector_type, selector_value))\ngolem.core.exceptions.ElementNotFound: Element firstNameInput not found using selector css:'.floating-field parties-inputs > input'\n"
            }
        }
    ],
    "errors": [
        {
            "message": "ElementNotFound: Element firstNameInput not found using selector css:'.floating-field parties-inputs > input'",
            "description": "Traceback (most recent call last):\n  File \"c:\\users\\alexandr.may\\appdata\\local\\programs\\python\\python37-32\\lib\\site-packages\\golem\\test_runner\\test_runner.py\", line 173, in run_test\n    self.test_module.test(execution.data)\n  File \"C:\\Users\\alexandr.may\\testdir\\projects\\some_project\\tests\\second_test.py\", line 23, in test\n    a.send_keys(new_order_page_form.firstNameInput, 'asd')\n  File \"c:\\users\\alexandr.may\\appdata\\local\\programs\\python\\python37-32\\lib\\site-packages\\golem\\actions.py\", line 1619, in send_keys\n    element = get_browser().find(element)\n  File \"c:\\users\\alexandr.may\\appdata\\local\\programs\\python\\python37-32\\lib\\site-packages\\golem\\webdriver\\extended_driver.py\", line 177, in find\n    return common._find(self, **kwargs)\n  File \"c:\\users\\alexandr.may\\appdata\\local\\programs\\python\\python37-32\\lib\\site-packages\\golem\\webdriver\\common.py\", line 122, in _find\n    element_name, timeout, wait_displayed)\n  File \"c:\\users\\alexandr.may\\appdata\\local\\programs\\python\\python37-32\\lib\\site-packages\\golem\\webdriver\\common.py\", line 47, in _find_webelement\n    .format(element_name, selector_type, selector_value))\ngolem.core.exceptions.ElementNotFound: Element firstNameInput not found using selector css:'.floating-field parties-inputs > input'\n"
        }
    ],
    "description": "",
    "browser": "chrome (remote)",
    "test_data": {
        "order_type": "'Plats'",
        "document_type": "'CORRECTION OF PLAT (PL)'",
        "num_of_pages": "'1'",
        "num_of_lots": "'1'",
        " first_name": "'First Name'",
        "env": "{'url': 'http://{}:{}@10.0.1.73:8001/69999/?ReturnUrl=https://crs.qa.kofile.com/69999/Account/ReturnClaim&amp;Referrer=', 'login': 'User1', 'password': 'Automation_1_3', 'getItemsLink': 'https://crs.qa.kofile.com/69999/api/Order/GetQueuesItemCounts', 'cookieName': 'ASP.NET_SessionId', 'name': 'test_env'}"
    },
    "environment": "test_env",
    "set_name": "Plats",
    "test_elapsed_time": 33.09,
    "test_timestamp": "2019.10.30.11.53.50.905"
}