2019-10-30 12:06:08,896 root INFO Test execution started: second_test
2019-10-30 12:06:08,897 root INFO Browser: chrome
2019-10-30 12:06:08,897 root INFO Environment: test_env
2019-10-30 12:06:08,897 root INFO Using data:
    order_type: Plats
    document_type: CORRECTION OF PLAT (PL)
    num_of_pages: 1
    num_of_lots: 1
     first_name: First Name
    url: http://{}:{}@10.0.1.73:8001/69999/?ReturnUrl=https://crs.qa.kofile.com/69999/Account/ReturnClaim&amp;Referrer=
2019-10-30 12:06:09,439 selenium.webdriver.remote.remote_connection DEBUG POST http://127.0.0.1:60336/session {"capabilities": {"firstMatch": [{}], "alwaysMatch": {"browserName": "chrome", "platformName": "any", "goog:chromeOptions": {"extensions": [], "args": ["start-maximized"]}}}, "desiredCapabilities": {"browserName": "chrome", "version": "", "platform": "ANY", "goog:chromeOptions": {"extensions": [], "args": ["start-maximized"]}}}
2019-10-30 12:06:11,043 selenium.webdriver.remote.remote_connection DEBUG b'{"value":{"capabilities":{"acceptInsecureCerts":false,"browserName":"chrome","browserVersion":"77.0.3865.120","chrome":{"chromedriverVersion":"77.0.3865.40 (f484704e052e0b556f8030b65b953dce96503217-refs/branch-heads/3865@{#442})","userDataDir":"C:\\\\Users\\\\alexandr.may\\\\AppData\\\\Local\\\\Temp\\\\scoped_dir12452_550478258"},"goog:chromeOptions":{"debuggerAddress":"localhost:60342"},"networkConnectionEnabled":false,"pageLoadStrategy":"normal","platformName":"windows nt","proxy":{},"setWindowRect":true,"strictFileInteractability":false,"timeouts":{"implicit":0,"pageLoad":300000,"script":30000},"unhandledPromptBehavior":"dismiss and notify"},"sessionId":"79ff26a71e25dad141d39a1cafaf109c"}}'
2019-10-30 12:06:11,043 selenium.webdriver.remote.remote_connection DEBUG Finished Request
2019-10-30 12:06:11,043 selenium.webdriver.remote.remote_connection DEBUG POST http://127.0.0.1:60336/session/79ff26a71e25dad141d39a1cafaf109c/window/maximize {}
2019-10-30 12:06:12,065 selenium.webdriver.remote.remote_connection DEBUG b'{"value":{"height":1056,"width":1936,"x":-8,"y":-8}}'
2019-10-30 12:06:12,065 selenium.webdriver.remote.remote_connection DEBUG Finished Request
2019-10-30 12:06:12,081 root ERROR ImportError: Traceback (most recent call last):
AttributeError: 'tuple' object has no attribute 'find'

Traceback (most recent call last):
  File "c:\users\alexandr.may\appdata\local\programs\python\python37-32\lib\site-packages\golem\test_runner\test_runner.py", line 142, in import_modules
    page.split('.'))
  File "c:\users\alexandr.may\appdata\local\programs\python\python37-32\lib\site-packages\golem\test_runner\test_runner_utils.py", line 26, in import_page_into_test
    raise ImportError(error)
ImportError: Traceback (most recent call last):
AttributeError: 'tuple' object has no attribute 'find'


2019-10-30 12:06:12,082 root INFO Test Result: CODE ERROR
