13:01:50.194 INFO Test execution started: order_indexing
13:01:50.195 INFO Browser: chrome
13:01:50.195 INFO Environment: test_env
13:01:50.196 INFO Using data:
    url: http://{}:{}@10.0.1.73:8001/69999/?ReturnUrl=https://crs.qa.kofile.com/69999/Account/ReturnClaim&amp;Referrer=
13:01:53.365 INFO Navigate to: 'http://User1:Automation_1_3@10.0.1.73:8001/69999/?ReturnUrl=https://crs.qa.kofile.com/69999/Account/ReturnClaim&amp;Referrer='
13:02:01.396 INFO Click indexingTab
13:02:04.209 INFO Execute javascript code 'var rows = document.querySelectorAll('tr'); for(let i = 0; i <= rows.length; i++) { rows[i].style.display=''}' with args '()'
13:02:04.243 ERROR JavascriptException: Message: javascript error: Cannot read property 'style' of undefined
  (Session info: chrome=77.0.3865.120)

Traceback (most recent call last):
  File "c:\users\alexandr.may\appdata\local\programs\python\python37-32\lib\site-packages\golem\test_runner\test_runner.py", line 173, in run_test
    self.test_module.test(execution.data)
  File "C:\Users\alexandr.may\testdir\projects\some_project\tests\order_indexing.py", line 17, in test
    my_actions.expandAllTableElements()
  File "C:\Users\alexandr.may\testdir\projects\some_project\actions_helper\my_actions.py", line 7, in expandAllTableElements
    actions.execute_javascript("var rows = document.querySelectorAll('tr'); for(let i = 0; i <= rows.length; i++) { rows[i].style.display=''}")
  File "c:\users\alexandr.may\appdata\local\programs\python\python37-32\lib\site-packages\golem\actions.py", line 1157, in execute_javascript
    return get_browser().execute_script(script, *args)
  File "c:\users\alexandr.may\appdata\local\programs\python\python37-32\lib\site-packages\selenium\webdriver\remote\webdriver.py", line 635, in execute_script
    'args': converted_args})['value']
  File "c:\users\alexandr.may\appdata\local\programs\python\python37-32\lib\site-packages\selenium\webdriver\remote\webdriver.py", line 320, in execute
    self.error_handler.check_response(response)
  File "c:\users\alexandr.may\appdata\local\programs\python\python37-32\lib\site-packages\selenium\webdriver\remote\errorhandler.py", line 242, in check_response
    raise exception_class(message, screen, stacktrace)
selenium.common.exceptions.JavascriptException: Message: javascript error: Cannot read property 'style' of undefined
  (Session info: chrome=77.0.3865.120)


13:02:06.847 INFO Test Result: CODE ERROR
